  main.cpp
D:\OneDrive - 영남대학교\대학교\2021-2\객체지향프로그래밍과자료구조\10\21812158_김주환_HW10\21812158_김주환_HW10\T_BST.h(60,11): warning C4566: 유니버설 문자 이름 '\u20A9'(으)로 표현되는 문자는 현재 코드 페이지(949)에서 표현할 수 없습니다.
D:\OneDrive - 영남대학교\대학교\2021-2\객체지향프로그래밍과자료구조\10\21812158_김주환_HW10\21812158_김주환_HW10\main.cpp(18,1): warning C4326: 'main'의 반환 형식이 'int'이어야 하는데 'void'입니다.
D:\OneDrive - 영남대학교\대학교\2021-2\객체지향프로그래밍과자료구조\10\21812158_김주환_HW10\21812158_김주환_HW10\main.cpp(43,3): warning C4551: 함수 호출에 인수 목록이 없습니다.
D:\OneDrive - 영남대학교\대학교\2021-2\객체지향프로그래밍과자료구조\10\21812158_김주환_HW10\21812158_김주환_HW10\main.cpp(55,25): warning C4101: 'pRoot' :참조되지 않은 지역 변수입니다.
D:\OneDrive - 영남대학교\대학교\2021-2\객체지향프로그래밍과자료구조\10\21812158_김주환_HW10\21812158_김주환_HW10\T_Array.h(41,3): warning C4551: 함수 호출에 인수 목록이 없습니다.
D:\OneDrive - 영남대학교\대학교\2021-2\객체지향프로그래밍과자료구조\10\21812158_김주환_HW10\21812158_김주환_HW10\T_Array.h(37): message : 클래스 템플릿 멤버 함수 'T_Array<V>::T_Array(int,std::string)'을(를) 컴파일하는 중입니다.
          with
          [
              V=Book *
          ]
D:\OneDrive - 영남대학교\대학교\2021-2\객체지향프로그래밍과자료구조\10\21812158_김주환_HW10\21812158_김주환_HW10\main.cpp(86): message : 컴파일되는 함수 템플릿 인스턴스화 'T_Array<V>::T_Array(int,std::string)'에 대한 참조를 확인하세요.
          with
          [
              V=Book *
          ]
D:\OneDrive - 영남대학교\대학교\2021-2\객체지향프로그래밍과자료구조\10\21812158_김주환_HW10\21812158_김주환_HW10\main.cpp(86): message : 컴파일되는 클래스 템플릿 인스턴스화 'T_Array<V>'에 대한 참조를 확인하세요.
          with
          [
              V=Book *
          ]
D:\OneDrive - 영남대학교\대학교\2021-2\객체지향프로그래밍과자료구조\10\21812158_김주환_HW10\21812158_김주환_HW10\T_Array.h(67,3): warning C4551: 함수 호출에 인수 목록이 없습니다.
D:\OneDrive - 영남대학교\대학교\2021-2\객체지향프로그래밍과자료구조\10\21812158_김주환_HW10\21812158_김주환_HW10\T_Array.h(60): message : 클래스 템플릿 멤버 함수 'void T_Array<V>::reserve(int)'을(를) 컴파일하는 중입니다.
          with
          [
              V=Book *
          ]
D:\OneDrive - 영남대학교\대학교\2021-2\객체지향프로그래밍과자료구조\10\21812158_김주환_HW10\21812158_김주환_HW10\T_Array.h(99): message : 컴파일되는 함수 템플릿 인스턴스화 'void T_Array<V>::reserve(int)'에 대한 참조를 확인하세요.
          with
          [
              V=Book *
          ]
D:\OneDrive - 영남대학교\대학교\2021-2\객체지향프로그래밍과자료구조\10\21812158_김주환_HW10\21812158_김주환_HW10\T_Array.h(94): message : 클래스 템플릿 멤버 함수 'void T_Array<V>::insertBack(T)'을(를) 컴파일하는 중입니다.
          with
          [
              V=Book *,
              T=Book *
          ]
D:\OneDrive - 영남대학교\대학교\2021-2\객체지향프로그래밍과자료구조\10\21812158_김주환_HW10\21812158_김주환_HW10\T_BST.h(112): message : 컴파일되는 함수 템플릿 인스턴스화 'void T_Array<V>::insertBack(T)'에 대한 참조를 확인하세요.
          with
          [
              V=Book *,
              T=Book *
          ]
D:\OneDrive - 영남대학교\대학교\2021-2\객체지향프로그래밍과자료구조\10\21812158_김주환_HW10\21812158_김주환_HW10\T_BST.h(101): message : 클래스 템플릿 멤버 함수 'void T_BST<std::string,Book *>::traversal_inOrder(T_BSTN<K,V> *,T_Array<V> &)'을(를) 컴파일하는 중입니다.
          with
          [
              K=std::string,
              V=Book *
          ]
D:\OneDrive - 영남대학교\대학교\2021-2\객체지향프로그래밍과자료구조\10\21812158_김주환_HW10\21812158_김주환_HW10\main.cpp(90): message : 컴파일되는 함수 템플릿 인스턴스화 'void T_BST<std::string,Book *>::traversal_inOrder(T_BSTN<K,V> *,T_Array<V> &)'에 대한 참조를 확인하세요.
          with
          [
              K=std::string,
              V=Book *
          ]
D:\OneDrive - 영남대학교\대학교\2021-2\객체지향프로그래밍과자료구조\10\21812158_김주환_HW10\21812158_김주환_HW10\main.cpp(54): message : 컴파일되는 클래스 템플릿 인스턴스화 'T_BST<std::string,Book *>'에 대한 참조를 확인하세요.
  21812158_김주환_HW10.vcxproj -> D:\OneDrive - 영남대학교\대학교\2021-2\객체지향프로그래밍과자료구조\10\21812158_김주환_HW10\Debug\21812158_김주환_HW10.exe
