  ConsoleDisplay.cpp
  Event.cpp
  Thread_EventGenerator.cpp
D:\OneDrive - 영남대학교\대학교\2021-2\객체지향프로그래밍과자료구조\9\21812158_김주환_Lab9\21812158_김주환_Lab9\SimParams.h(5,1): warning C4005: 'NUM_EVENT_GENERATORS': 매크로 재정의
D:\OneDrive - 영남대학교\대학교\2021-2\객체지향프로그래밍과자료구조\9\21812158_김주환_Lab9\21812158_김주환_Lab9\Event.h(14): message : 'NUM_EVENT_GENERATORS'의 이전 정의를 참조하십시오.
D:\OneDrive - 영남대학교\대학교\2021-2\객체지향프로그래밍과자료구조\9\21812158_김주환_Lab9\21812158_김주환_Lab9\Thread_EventGenerator.cpp(19,23): warning C4101: 'pEntry' :참조되지 않은 지역 변수입니다.
D:\OneDrive - 영남대학교\대학교\2021-2\객체지향프로그래밍과자료구조\9\21812158_김주환_Lab9\21812158_김주환_Lab9\Thread_EventGenerator.cpp(20,17): warning C4101: 'pEvent' :참조되지 않은 지역 변수입니다.
D:\OneDrive - 영남대학교\대학교\2021-2\객체지향프로그래밍과자료구조\9\21812158_김주환_Lab9\21812158_김주환_Lab9\Thread_EventGenerator.cpp(24,6): warning C4101: 'event_handler_addr' :참조되지 않은 지역 변수입니다.
  Thread_EventHandler.cpp
D:\OneDrive - 영남대학교\대학교\2021-2\객체지향프로그래밍과자료구조\9\21812158_김주환_Lab9\21812158_김주환_Lab9\SimParams.h(5,1): warning C4005: 'NUM_EVENT_GENERATORS': 매크로 재정의
D:\OneDrive - 영남대학교\대학교\2021-2\객체지향프로그래밍과자료구조\9\21812158_김주환_Lab9\21812158_김주환_Lab9\Event.h(14): message : 'NUM_EVENT_GENERATORS'의 이전 정의를 참조하십시오.
D:\OneDrive - 영남대학교\대학교\2021-2\객체지향프로그래밍과자료구조\9\21812158_김주환_Lab9\21812158_김주환_Lab9\Thread_EventHandler.cpp(21,27): warning C4101: 'pEventProc' :참조되지 않은 지역 변수입니다.
D:\OneDrive - 영남대학교\대학교\2021-2\객체지향프로그래밍과자료구조\9\21812158_김주환_Lab9\21812158_김주환_Lab9\Thread_EventHandler.cpp(21,17): warning C4101: 'pEvent' :참조되지 않은 지역 변수입니다.
  main.cpp
D:\OneDrive - 영남대학교\대학교\2021-2\객체지향프로그래밍과자료구조\9\21812158_김주환_Lab9\21812158_김주환_Lab9\SimParams.h(5,1): warning C4005: 'NUM_EVENT_GENERATORS': 매크로 재정의
D:\OneDrive - 영남대학교\대학교\2021-2\객체지향프로그래밍과자료구조\9\21812158_김주환_Lab9\21812158_김주환_Lab9\Event.h(14): message : 'NUM_EVENT_GENERATORS'의 이전 정의를 참조하십시오.
D:\OneDrive - 영남대학교\대학교\2021-2\객체지향프로그래밍과자료구조\9\21812158_김주환_Lab9\21812158_김주환_Lab9\main.cpp(21,13): warning C4326: 'main'의 반환 형식이 'int'이어야 하는데 'void'입니다.
D:\OneDrive - 영남대학교\대학교\2021-2\객체지향프로그래밍과자료구조\9\21812158_김주환_Lab9\21812158_김주환_Lab9\main.cpp(47,12): warning C4244: '인수': 'time_t'에서 'unsigned int'(으)로 변환하면서 데이터가 손실될 수 있습니다.
D:\OneDrive - 영남대학교\대학교\2021-2\객체지향프로그래밍과자료구조\9\21812158_김주환_Lab9\21812158_김주환_Lab9\main.cpp(33,9): warning C4101: 'hThrd_EventGenerator' :참조되지 않은 지역 변수입니다.
D:\OneDrive - 영남대학교\대학교\2021-2\객체지향프로그래밍과자료구조\9\21812158_김주환_Lab9\21812158_김주환_Lab9\main.cpp(31,6): warning C4101: 'pkt_event_handler_addr' :참조되지 않은 지역 변수입니다.
D:\OneDrive - 영남대학교\대학교\2021-2\객체지향프로그래밍과자료구조\9\21812158_김주환_Lab9\21812158_김주환_Lab9\main.cpp(25,9): warning C4101: 'elapsed_time' :참조되지 않은 지역 변수입니다.
D:\OneDrive - 영남대학교\대학교\2021-2\객체지향프로그래밍과자료구조\9\21812158_김주환_Lab9\21812158_김주환_Lab9\main.cpp(33,31): warning C4101: 'hThrd_EventHandler' :참조되지 않은 지역 변수입니다.
D:\OneDrive - 영남대학교\대학교\2021-2\객체지향프로그래밍과자료구조\9\21812158_김주환_Lab9\21812158_김주환_Lab9\main.cpp(31,30): warning C4101: 'eventPriority' :참조되지 않은 지역 변수입니다.
D:\OneDrive - 영남대학교\대학교\2021-2\객체지향프로그래밍과자료구조\9\21812158_김주환_Lab9\21812158_김주환_Lab9\main.cpp(23,25): warning C4101: 't_before' :참조되지 않은 지역 변수입니다.
D:\OneDrive - 영남대학교\대학교\2021-2\객체지향프로그래밍과자료구조\9\21812158_김주환_Lab9\21812158_김주환_Lab9\main.cpp(23,35): warning C4101: 't_after' :참조되지 않은 지역 변수입니다.
D:\OneDrive - 영남대학교\대학교\2021-2\객체지향프로그래밍과자료구조\9\21812158_김주환_Lab9\21812158_김주환_Lab9\main.cpp(24,11): warning C4101: 't_diff' :참조되지 않은 지역 변수입니다.
D:\OneDrive - 영남대학교\대학교\2021-2\객체지향프로그래밍과자료구조\9\21812158_김주환_Lab9\21812158_김주환_Lab9\TA_Entry.h(53,3): warning C4551: 함수 호출에 인수 목록이 없습니다.
D:\OneDrive - 영남대학교\대학교\2021-2\객체지향프로그래밍과자료구조\9\21812158_김주환_Lab9\21812158_김주환_Lab9\TA_Entry.h(49): message : 클래스 템플릿 멤버 함수 'TA_Entry<K,V>::TA_Entry(int,std::string)'을(를) 컴파일하는 중입니다.
          with
          [
              K=int,
              V=Event
          ]
D:\OneDrive - 영남대학교\대학교\2021-2\객체지향프로그래밍과자료구조\9\21812158_김주환_Lab9\21812158_김주환_Lab9\CompleteBinaryTree.h(38): message : 컴파일되는 함수 템플릿 인스턴스화 'TA_Entry<K,V>::TA_Entry(int,std::string)'에 대한 참조를 확인하세요.
          with
          [
              K=int,
              V=Event
          ]
D:\OneDrive - 영남대학교\대학교\2021-2\객체지향프로그래밍과자료구조\9\21812158_김주환_Lab9\21812158_김주환_Lab9\CompleteBinaryTree.h(38): message : 클래스 템플릿 멤버 함수 'CompleteBinaryTree<K,V>::CompleteBinaryTree(int,std::string)'을(를) 컴파일하는 중입니다.
          with
          [
              K=int,
              V=Event
          ]
D:\OneDrive - 영남대학교\대학교\2021-2\객체지향프로그래밍과자료구조\9\21812158_김주환_Lab9\21812158_김주환_Lab9\HeapPrioQ_CS.h(29): message : 컴파일되는 함수 템플릿 인스턴스화 'CompleteBinaryTree<K,V>::CompleteBinaryTree(int,std::string)'에 대한 참조를 확인하세요.
          with
          [
              K=int,
              V=Event
          ]
D:\OneDrive - 영남대학교\대학교\2021-2\객체지향프로그래밍과자료구조\9\21812158_김주환_Lab9\21812158_김주환_Lab9\HeapPrioQ_CS.h(29): message : 클래스 템플릿 멤버 함수 'HeapPrioQ_CS<int,Event>::HeapPrioQ_CS(int,std::string)'을(를) 컴파일하는 중입니다.
D:\OneDrive - 영남대학교\대학교\2021-2\객체지향프로그래밍과자료구조\9\21812158_김주환_Lab9\21812158_김주환_Lab9\main.cpp(28): message : 컴파일되는 함수 템플릿 인스턴스화 'HeapPrioQ_CS<int,Event>::HeapPrioQ_CS(int,std::string)'에 대한 참조를 확인하세요.
D:\OneDrive - 영남대학교\대학교\2021-2\객체지향프로그래밍과자료구조\9\21812158_김주환_Lab9\21812158_김주환_Lab9\main.cpp(28): message : 컴파일되는 클래스 템플릿 인스턴스화 'HeapPrioQ_CS<int,Event>'에 대한 참조를 확인하세요.
  코드를 생성하고 있습니다...
D:\OneDrive - 영남대학교\대학교\2021-2\객체지향프로그래밍과자료구조\9\21812158_김주환_Lab9\21812158_김주환_Lab9\ConsoleDisplay.cpp(19): warning C4715: 'gotoxy': 모든 제어 경로에서 값을 반환하지는 않습니다.
  21812158_김주환_Lab9.vcxproj -> D:\OneDrive - 영남대학교\대학교\2021-2\객체지향프로그래밍과자료구조\9\21812158_김주환_Lab9\Debug\21812158_김주환_Lab9.exe
