  main.cpp
D:\OneDrive - 영남대학교\대학교\2021-2\객체지향프로그래밍과자료구조\12\21812158_김주환_Lab12\21812158_김주환_Lab12\Trie.h(38,26): warning C4566: 유니버설 문자 이름 '\u20A9'(으)로 표현되는 문자는 현재 코드 페이지(949)에서 표현할 수 없습니다.
D:\OneDrive - 영남대학교\대학교\2021-2\객체지향프로그래밍과자료구조\12\21812158_김주환_Lab12\21812158_김주환_Lab12\Trie.h(39,16): warning C4566: 유니버설 문자 이름 '\u20A9'(으)로 표현되는 문자는 현재 코드 페이지(949)에서 표현할 수 없습니다.
D:\OneDrive - 영남대학교\대학교\2021-2\객체지향프로그래밍과자료구조\12\21812158_김주환_Lab12\21812158_김주환_Lab12\Trie.h(50,28): warning C4566: 유니버설 문자 이름 '\u20A9'(으)로 표현되는 문자는 현재 코드 페이지(949)에서 표현할 수 없습니다.
D:\OneDrive - 영남대학교\대학교\2021-2\객체지향프로그래밍과자료구조\12\21812158_김주환_Lab12\21812158_김주환_Lab12\main.cpp(23,1): warning C4326: 'main'의 반환 형식이 'int'이어야 하는데 'void'입니다.
D:\OneDrive - 영남대학교\대학교\2021-2\객체지향프로그래밍과자료구조\12\21812158_김주환_Lab12\21812158_김주환_Lab12\main.cpp(29,3): warning C4551: 함수 호출에 인수 목록이 없습니다.
D:\OneDrive - 영남대학교\대학교\2021-2\객체지향프로그래밍과자료구조\12\21812158_김주환_Lab12\21812158_김주환_Lab12\main.cpp(83,21): warning C4018: '<': signed 또는 unsigned가 일치하지 않습니다.
D:\OneDrive - 영남대학교\대학교\2021-2\객체지향프로그래밍과자료구조\12\21812158_김주환_Lab12\21812158_김주환_Lab12\main.cpp(36,7): warning C4101: 'keyWord' :참조되지 않은 지역 변수입니다.
D:\OneDrive - 영남대학교\대학교\2021-2\객체지향프로그래밍과자료구조\12\21812158_김주환_Lab12\21812158_김주환_Lab12\main.cpp(32,21): warning C4101: 'pTN' :참조되지 않은 지역 변수입니다.
D:\OneDrive - 영남대학교\대학교\2021-2\객체지향프로그래밍과자료구조\12\21812158_김주환_Lab12\21812158_김주환_Lab12\Trie.h(38,1): warning C4305: '인수': 'int'에서 'char'(으)로 잘립니다.
D:\OneDrive - 영남대학교\대학교\2021-2\객체지향프로그래밍과자료구조\12\21812158_김주환_Lab12\21812158_김주환_Lab12\Trie.h(36): message : 클래스 템플릿 멤버 함수 'Trie<MyVoca *>::Trie(std::string)'을(를) 컴파일하는 중입니다.
D:\OneDrive - 영남대학교\대학교\2021-2\객체지향프로그래밍과자료구조\12\21812158_김주환_Lab12\21812158_김주환_Lab12\main.cpp(31): message : 컴파일되는 함수 템플릿 인스턴스화 'Trie<MyVoca *>::Trie(std::string)'에 대한 참조를 확인하세요.
D:\OneDrive - 영남대학교\대학교\2021-2\객체지향프로그래밍과자료구조\12\21812158_김주환_Lab12\21812158_김주환_Lab12\main.cpp(31): message : 컴파일되는 클래스 템플릿 인스턴스화 'Trie<MyVoca *>'에 대한 참조를 확인하세요.
D:\OneDrive - 영남대학교\대학교\2021-2\객체지향프로그래밍과자료구조\12\21812158_김주환_Lab12\21812158_김주환_Lab12\Trie.h(38,26): warning C4309: '인수': 상수 값이 잘립니다.
D:\OneDrive - 영남대학교\대학교\2021-2\객체지향프로그래밍과자료구조\12\21812158_김주환_Lab12\21812158_김주환_Lab12\Trie.h(39,1): warning C4305: '인수': 'int'에서 'char'(으)로 잘립니다.
D:\OneDrive - 영남대학교\대학교\2021-2\객체지향프로그래밍과자료구조\12\21812158_김주환_Lab12\21812158_김주환_Lab12\Trie.h(39,16): warning C4309: '인수': 상수 값이 잘립니다.
D:\OneDrive - 영남대학교\대학교\2021-2\객체지향프로그래밍과자료구조\12\21812158_김주환_Lab12\21812158_김주환_Lab12\Trie.h(274,6): warning C4101: 'trie_val' :참조되지 않은 지역 변수입니다.
D:\OneDrive - 영남대학교\대학교\2021-2\객체지향프로그래밍과자료구조\12\21812158_김주환_Lab12\21812158_김주환_Lab12\Trie.h(271): message : 클래스 템플릿 멤버 함수 'void Trie<MyVoca *>::deleteKeyStr(std::string)'을(를) 컴파일하는 중입니다.
D:\OneDrive - 영남대학교\대학교\2021-2\객체지향프로그래밍과자료구조\12\21812158_김주환_Lab12\21812158_김주환_Lab12\main.cpp(99): message : 컴파일되는 함수 템플릿 인스턴스화 'void Trie<MyVoca *>::deleteKeyStr(std::string)'에 대한 참조를 확인하세요.
D:\OneDrive - 영남대학교\대학교\2021-2\객체지향프로그래밍과자료구조\12\21812158_김주환_Lab12\21812158_김주환_Lab12\Trie.h(50,1): warning C4305: '인수': 'int'에서 'char'(으)로 잘립니다.
D:\OneDrive - 영남대학교\대학교\2021-2\객체지향프로그래밍과자료구조\12\21812158_김주환_Lab12\21812158_김주환_Lab12\Trie.h(48): message : 클래스 템플릿 멤버 함수 'void Trie<MyVoca *>::insertExternalTN(TrieNode<E> *,std::string,E)'을(를) 컴파일하는 중입니다.
          with
          [
              E=MyVoca *
          ]
D:\OneDrive - 영남대학교\대학교\2021-2\객체지향프로그래밍과자료구조\12\21812158_김주환_Lab12\21812158_김주환_Lab12\Trie.h(118): message : 컴파일되는 함수 템플릿 인스턴스화 'void Trie<MyVoca *>::insertExternalTN(TrieNode<E> *,std::string,E)'에 대한 참조를 확인하세요.
          with
          [
              E=MyVoca *
          ]
D:\OneDrive - 영남대학교\대학교\2021-2\객체지향프로그래밍과자료구조\12\21812158_김주환_Lab12\21812158_김주환_Lab12\Trie.h(36): message : 클래스 템플릿 멤버 함수 'Trie<MyVoca *>::Trie(std::string)'을(를) 컴파일하는 중입니다.
D:\OneDrive - 영남대학교\대학교\2021-2\객체지향프로그래밍과자료구조\12\21812158_김주환_Lab12\21812158_김주환_Lab12\main.cpp(31): message : 컴파일되는 함수 템플릿 인스턴스화 'Trie<MyVoca *>::Trie(std::string)'에 대한 참조를 확인하세요.
D:\OneDrive - 영남대학교\대학교\2021-2\객체지향프로그래밍과자료구조\12\21812158_김주환_Lab12\21812158_김주환_Lab12\Trie.h(50,28): warning C4309: '인수': 상수 값이 잘립니다.
D:\OneDrive - 영남대학교\대학교\2021-2\객체지향프로그래밍과자료구조\12\21812158_김주환_Lab12\21812158_김주환_Lab12\Trie.h(235): warning C4715: 'Trie<MyVoca *>::_find': 모든 제어 경로에서 값을 반환하지는 않습니다.
  21812158_김주환_Lab12.vcxproj -> D:\OneDrive - 영남대학교\대학교\2021-2\객체지향프로그래밍과자료구조\12\21812158_김주환_Lab12\Debug\21812158_김주환_Lab12.exe
