  main_trie.cpp
D:\OneDrive - 영남대학교\대학교\2021-2\객체지향프로그래밍과자료구조\Exam4\Exam4B_21812158_김주환\Exam4B_21812158_김주환\Trie.h(39,26): warning C4566: 유니버설 문자 이름 '\u20A9'(으)로 표현되는 문자는 현재 코드 페이지(949)에서 표현할 수 없습니다.
D:\OneDrive - 영남대학교\대학교\2021-2\객체지향프로그래밍과자료구조\Exam4\Exam4B_21812158_김주환\Exam4B_21812158_김주환\Trie.h(40,20): warning C4566: 유니버설 문자 이름 '\u20A9'(으)로 표현되는 문자는 현재 코드 페이지(949)에서 표현할 수 없습니다.
D:\OneDrive - 영남대학교\대학교\2021-2\객체지향프로그래밍과자료구조\Exam4\Exam4B_21812158_김주환\Exam4B_21812158_김주환\Trie.h(51,28): warning C4566: 유니버설 문자 이름 '\u20A9'(으)로 표현되는 문자는 현재 코드 페이지(949)에서 표현할 수 없습니다.
D:\OneDrive - 영남대학교\대학교\2021-2\객체지향프로그래밍과자료구조\Exam4\Exam4B_21812158_김주환\Exam4B_21812158_김주환\main_trie.cpp(16,1): warning C4326: 'main'의 반환 형식이 'int'이어야 하는데 'void'입니다.
D:\OneDrive - 영남대학교\대학교\2021-2\객체지향프로그래밍과자료구조\Exam4\Exam4B_21812158_김주환\Exam4B_21812158_김주환\main_trie.cpp(48,21): warning C4018: '<': signed 또는 unsigned가 일치하지 않습니다.
D:\OneDrive - 영남대학교\대학교\2021-2\객체지향프로그래밍과자료구조\Exam4\Exam4B_21812158_김주환\Exam4B_21812158_김주환\main_trie.cpp(18,21): warning C4101: 'pTN' :참조되지 않은 지역 변수입니다.
D:\OneDrive - 영남대학교\대학교\2021-2\객체지향프로그래밍과자료구조\Exam4\Exam4B_21812158_김주환\Exam4B_21812158_김주환\main_trie.cpp(19,6): warning C4101: 'word_count' :참조되지 않은 지역 변수입니다.
D:\OneDrive - 영남대학교\대학교\2021-2\객체지향프로그래밍과자료구조\Exam4\Exam4B_21812158_김주환\Exam4B_21812158_김주환\Trie.h(39,1): warning C4305: '인수': 'int'에서 'char'(으)로 잘립니다.
D:\OneDrive - 영남대학교\대학교\2021-2\객체지향프로그래밍과자료구조\Exam4\Exam4B_21812158_김주환\Exam4B_21812158_김주환\Trie.h(37): message : 클래스 템플릿 멤버 함수 'Trie<std::string *>::Trie(std::string)'을(를) 컴파일하는 중입니다.
D:\OneDrive - 영남대학교\대학교\2021-2\객체지향프로그래밍과자료구조\Exam4\Exam4B_21812158_김주환\Exam4B_21812158_김주환\main_trie.cpp(17): message : 컴파일되는 함수 템플릿 인스턴스화 'Trie<std::string *>::Trie(std::string)'에 대한 참조를 확인하세요.
D:\OneDrive - 영남대학교\대학교\2021-2\객체지향프로그래밍과자료구조\Exam4\Exam4B_21812158_김주환\Exam4B_21812158_김주환\main_trie.cpp(17): message : 컴파일되는 클래스 템플릿 인스턴스화 'Trie<std::string *>'에 대한 참조를 확인하세요.
D:\OneDrive - 영남대학교\대학교\2021-2\객체지향프로그래밍과자료구조\Exam4\Exam4B_21812158_김주환\Exam4B_21812158_김주환\Trie.h(39,26): warning C4309: '인수': 상수 값이 잘립니다.
D:\OneDrive - 영남대학교\대학교\2021-2\객체지향프로그래밍과자료구조\Exam4\Exam4B_21812158_김주환\Exam4B_21812158_김주환\Trie.h(40,1): warning C4305: '인수': 'int'에서 'char'(으)로 잘립니다.
D:\OneDrive - 영남대학교\대학교\2021-2\객체지향프로그래밍과자료구조\Exam4\Exam4B_21812158_김주환\Exam4B_21812158_김주환\Trie.h(40,20): warning C4309: '인수': 상수 값이 잘립니다.
D:\OneDrive - 영남대학교\대학교\2021-2\객체지향프로그래밍과자료구조\Exam4\Exam4B_21812158_김주환\Exam4B_21812158_김주환\Trie.h(51,1): warning C4305: '인수': 'int'에서 'char'(으)로 잘립니다.
D:\OneDrive - 영남대학교\대학교\2021-2\객체지향프로그래밍과자료구조\Exam4\Exam4B_21812158_김주환\Exam4B_21812158_김주환\Trie.h(49): message : 클래스 템플릿 멤버 함수 'void Trie<std::string *>::insertExternalTN(TrieNode<E> *,std::string,E)'을(를) 컴파일하는 중입니다.
          with
          [
              E=std::string *
          ]
D:\OneDrive - 영남대학교\대학교\2021-2\객체지향프로그래밍과자료구조\Exam4\Exam4B_21812158_김주환\Exam4B_21812158_김주환\Trie.h(119): message : 컴파일되는 함수 템플릿 인스턴스화 'void Trie<std::string *>::insertExternalTN(TrieNode<E> *,std::string,E)'에 대한 참조를 확인하세요.
          with
          [
              E=std::string *
          ]
D:\OneDrive - 영남대학교\대학교\2021-2\객체지향프로그래밍과자료구조\Exam4\Exam4B_21812158_김주환\Exam4B_21812158_김주환\Trie.h(37): message : 클래스 템플릿 멤버 함수 'Trie<std::string *>::Trie(std::string)'을(를) 컴파일하는 중입니다.
D:\OneDrive - 영남대학교\대학교\2021-2\객체지향프로그래밍과자료구조\Exam4\Exam4B_21812158_김주환\Exam4B_21812158_김주환\main_trie.cpp(17): message : 컴파일되는 함수 템플릿 인스턴스화 'Trie<std::string *>::Trie(std::string)'에 대한 참조를 확인하세요.
D:\OneDrive - 영남대학교\대학교\2021-2\객체지향프로그래밍과자료구조\Exam4\Exam4B_21812158_김주환\Exam4B_21812158_김주환\Trie.h(51,28): warning C4309: '인수': 상수 값이 잘립니다.
D:\OneDrive - 영남대학교\대학교\2021-2\객체지향프로그래밍과자료구조\Exam4\Exam4B_21812158_김주환\Exam4B_21812158_김주환\Trie.h(236): warning C4715: 'Trie<std::basic_string<char,std::char_traits<char>,std::allocator<char> > *>::_find': 모든 제어 경로에서 값을 반환하지는 않습니다.
  Exam4B_21812158_김주환.vcxproj -> D:\OneDrive - 영남대학교\대학교\2021-2\객체지향프로그래밍과자료구조\Exam4\Exam4B_21812158_김주환\Debug\Exam4B_21812158_김주환.exe
