  Date.cpp
  main.cpp
D:\OneDrive - 영남대학교\대학교\2021-2\객체지향프로그래밍과자료구조\Exam2\Exam2C_21812158_김주환\Exam2C_21812158_김주환\main.cpp(15,1): warning C4326: 'main'의 반환 형식이 'int'이어야 하는데 'void'입니다.
D:\OneDrive - 영남대학교\대학교\2021-2\객체지향프로그래밍과자료구조\Exam2\Exam2C_21812158_김주환\Exam2C_21812158_김주환\main.cpp(29,11): warning C4101: 'pSt' :참조되지 않은 지역 변수입니다.
D:\OneDrive - 영남대학교\대학교\2021-2\객체지향프로그래밍과자료구조\Exam2\Exam2C_21812158_김주환\Exam2C_21812158_김주환\T_Array.h(41,3): warning C4551: 함수 호출에 인수 목록이 없습니다.
D:\OneDrive - 영남대학교\대학교\2021-2\객체지향프로그래밍과자료구조\Exam2\Exam2C_21812158_김주환\Exam2C_21812158_김주환\T_Array.h(37): message : 클래스 템플릿 멤버 함수 'T_Array<Student,int>::T_Array(int,std::string)'을(를) 컴파일하는 중입니다.
D:\OneDrive - 영남대학교\대학교\2021-2\객체지향프로그래밍과자료구조\Exam2\Exam2C_21812158_김주환\Exam2C_21812158_김주환\main.cpp(31): message : 컴파일되는 함수 템플릿 인스턴스화 'T_Array<Student,int>::T_Array(int,std::string)'에 대한 참조를 확인하세요.
D:\OneDrive - 영남대학교\대학교\2021-2\객체지향프로그래밍과자료구조\Exam2\Exam2C_21812158_김주환\Exam2C_21812158_김주환\main.cpp(31): message : 컴파일되는 클래스 템플릿 인스턴스화 'T_Array<Student,int>'에 대한 참조를 확인하세요.
D:\OneDrive - 영남대학교\대학교\2021-2\객체지향프로그래밍과자료구조\Exam2\Exam2C_21812158_김주환\Exam2C_21812158_김주환\T_Array.h(69,6): warning C4101: 'index' :참조되지 않은 지역 변수입니다.
D:\OneDrive - 영남대학교\대학교\2021-2\객체지향프로그래밍과자료구조\Exam2\Exam2C_21812158_김주환\Exam2C_21812158_김주환\T_Array.h(68): message : 클래스 템플릿 멤버 함수 'int T_Array<Student,int>::sequential_search(std::string,K)'을(를) 컴파일하는 중입니다.
          with
          [
              K=int
          ]
D:\OneDrive - 영남대학교\대학교\2021-2\객체지향프로그래밍과자료구조\Exam2\Exam2C_21812158_김주환\Exam2C_21812158_김주환\main.cpp(40): message : 컴파일되는 함수 템플릿 인스턴스화 'int T_Array<Student,int>::sequential_search(std::string,K)'에 대한 참조를 확인하세요.
          with
          [
              K=int
          ]
  Student.cpp
  Time.cpp
  코드를 생성하고 있습니다...
  Exam2C_21812158_김주환.vcxproj -> D:\OneDrive - 영남대학교\대학교\2021-2\객체지향프로그래밍과자료구조\Exam2\Exam2C_21812158_김주환\x64\Debug\Exam2C_21812158_김주환.exe
