  main.cpp
D:\OneDrive - 영남대학교\대학교\2021-2\객체지향프로그래밍과자료구조\11\Hash_based_on_SkipList_2\Hash_based_on_SkipList_2\main.cpp(13,1): warning C4326: 'main'의 반환 형식이 'int'이어야 하는데 'void'입니다.
D:\OneDrive - 영남대학교\대학교\2021-2\객체지향프로그래밍과자료구조\11\Hash_based_on_SkipList_2\Hash_based_on_SkipList_2\SkipList.h(114,13): warning C4244: '인수': 'time_t'에서 'unsigned int'(으)로 변환하면서 데이터가 손실될 수 있습니다.
D:\OneDrive - 영남대학교\대학교\2021-2\객체지향프로그래밍과자료구조\11\Hash_based_on_SkipList_2\Hash_based_on_SkipList_2\SkipList.h(97): message : 클래스 템플릿 멤버 함수 'SkipList<int,V>::SkipList(void)'을(를) 컴파일하는 중입니다.
          with
          [
              V=MyVoca *
          ]
C:\Program Files (x86)\Microsoft Visual Studio\2019\Community\VC\Tools\MSVC\14.29.30133\include\xmemory(714): message : 컴파일되는 함수 템플릿 인스턴스화 'SkipList<int,V>::SkipList(void)'에 대한 참조를 확인하세요.
          with
          [
              V=MyVoca *
          ]
D:\OneDrive - 영남대학교\대학교\2021-2\객체지향프로그래밍과자료구조\11\Hash_based_on_SkipList_2\Hash_based_on_SkipList_2\HashMap.h(16): message : 컴파일되는 클래스 템플릿 인스턴스화 'SkipList<int,V>'에 대한 참조를 확인하세요.
          with
          [
              V=MyVoca *
          ]
D:\OneDrive - 영남대학교\대학교\2021-2\객체지향프로그래밍과자료구조\11\Hash_based_on_SkipList_2\Hash_based_on_SkipList_2\HashDictionary.h(7): message : 컴파일되는 클래스 템플릿 인스턴스화 'HashMap<K,V>'에 대한 참조를 확인하세요.
          with
          [
              K=std::string,
              V=MyVoca *
          ]
D:\OneDrive - 영남대학교\대학교\2021-2\객체지향프로그래밍과자료구조\11\Hash_based_on_SkipList_2\Hash_based_on_SkipList_2\main.cpp(20): message : 컴파일되는 클래스 템플릿 인스턴스화 'HashDict<std::string,MyVoca *>'에 대한 참조를 확인하세요.
D:\OneDrive - 영남대학교\대학교\2021-2\객체지향프로그래밍과자료구조\11\Hash_based_on_SkipList_2\Hash_based_on_SkipList_2\HashMap.h(86): warning C4715: 'HashMap<std::basic_string<char,std::char_traits<char>,std::allocator<char> >,MyVoca *>::Iterator::operator!=': 모든 제어 경로에서 값을 반환하지는 않습니다.
  Hash_based_on_SkipList_2.vcxproj -> D:\OneDrive - 영남대학교\대학교\2021-2\객체지향프로그래밍과자료구조\11\Hash_based_on_SkipList_2\Debug\Hash_based_on_SkipList_2.exe
