  AngledArc.cpp
D:\OneDrive - 영남대학교\대학교\2021-2\객체지향프로그래밍과자료구조\6\21812158_김주환_Lab6\21812158_김주환_Lab6\AngledArc.cpp(49,19): warning C4244: '=': 'double'에서 'int'(으)로 변환하면서 데이터가 손실될 수 있습니다.
D:\OneDrive - 영남대학교\대학교\2021-2\객체지향프로그래밍과자료구조\6\21812158_김주환_Lab6\21812158_김주환_Lab6\AngledArc.cpp(50,19): warning C4244: '=': 'double'에서 'int'(으)로 변환하면서 데이터가 손실될 수 있습니다.
D:\OneDrive - 영남대학교\대학교\2021-2\객체지향프로그래밍과자료구조\6\21812158_김주환_Lab6\21812158_김주환_Lab6\AngledArc.cpp(54,51): warning C4244: '인수': 'int'에서 'FLOAT'(으)로 변환하면서 데이터가 손실될 수 있습니다.
D:\OneDrive - 영남대학교\대학교\2021-2\객체지향프로그래밍과자료구조\6\21812158_김주환_Lab6\21812158_김주환_Lab6\AngledArc.cpp(54,38): warning C4244: '인수': 'int'에서 'FLOAT'(으)로 변환하면서 데이터가 손실될 수 있습니다.
  Circle.cpp
  ConsolePixelDrawing.cpp
D:\OneDrive - 영남대학교\대학교\2021-2\객체지향프로그래밍과자료구조\6\21812158_김주환_Lab6\21812158_김주환_Lab6\ConsolePixelDrawing.cpp(26,4): warning C4551: 함수 호출에 인수 목록이 없습니다.
  Cylinder.cpp
D:\OneDrive - 영남대학교\대학교\2021-2\객체지향프로그래밍과자료구조\6\21812158_김주환_Lab6\21812158_김주환_Lab6\Cylinder.cpp(40,9): warning C4101: 'start_ang_rad' :참조되지 않은 지역 변수입니다.
D:\OneDrive - 영남대학교\대학교\2021-2\객체지향프로그래밍과자료구조\6\21812158_김주환_Lab6\21812158_김주환_Lab6\Cylinder.cpp(39,6): warning C4101: 'start_px' :참조되지 않은 지역 변수입니다.
D:\OneDrive - 영남대학교\대학교\2021-2\객체지향프로그래밍과자료구조\6\21812158_김주환_Lab6\21812158_김주환_Lab6\Cylinder.cpp(39,16): warning C4101: 'start_py' :참조되지 않은 지역 변수입니다.
  Hexahedron.cpp
D:\OneDrive - 영남대학교\대학교\2021-2\객체지향프로그래밍과자료구조\6\21812158_김주환_Lab6\21812158_김주환_Lab6\Hexahedron.cpp(49,18): warning C4244: '=': 'double'에서 'LONG'(으)로 변환하면서 데이터가 손실될 수 있습니다.
D:\OneDrive - 영남대학교\대학교\2021-2\객체지향프로그래밍과자료구조\6\21812158_김주환_Lab6\21812158_김주환_Lab6\Hexahedron.cpp(50,18): warning C4244: '=': 'double'에서 'LONG'(으)로 변환하면서 데이터가 손실될 수 있습니다.
D:\OneDrive - 영남대학교\대학교\2021-2\객체지향프로그래밍과자료구조\6\21812158_김주환_Lab6\21812158_김주환_Lab6\Hexahedron.cpp(51,18): warning C4244: '=': 'double'에서 'LONG'(으)로 변환하면서 데이터가 손실될 수 있습니다.
D:\OneDrive - 영남대학교\대학교\2021-2\객체지향프로그래밍과자료구조\6\21812158_김주환_Lab6\21812158_김주환_Lab6\Hexahedron.cpp(52,18): warning C4244: '=': 'double'에서 'LONG'(으)로 변환하면서 데이터가 손실될 수 있습니다.
D:\OneDrive - 영남대학교\대학교\2021-2\객체지향프로그래밍과자료구조\6\21812158_김주환_Lab6\21812158_김주환_Lab6\Hexahedron.cpp(69,67): warning C4244: '인수': 'double'에서 'int'(으)로 변환하면서 데이터가 손실될 수 있습니다.
D:\OneDrive - 영남대학교\대학교\2021-2\객체지향프로그래밍과자료구조\6\21812158_김주환_Lab6\21812158_김주환_Lab6\Hexahedron.cpp(69,21): warning C4244: '인수': 'double'에서 'int'(으)로 변환하면서 데이터가 손실될 수 있습니다.
D:\OneDrive - 영남대학교\대학교\2021-2\객체지향프로그래밍과자료구조\6\21812158_김주환_Lab6\21812158_김주환_Lab6\Hexahedron.cpp(37,59): warning C4101: 'start_ang_rad' :참조되지 않은 지역 변수입니다.
D:\OneDrive - 영남대학교\대학교\2021-2\객체지향프로그래밍과자료구조\6\21812158_김주환_Lab6\21812158_김주환_Lab6\Hexahedron.cpp(37,32): warning C4101: 'start_px' :참조되지 않은 지역 변수입니다.
D:\OneDrive - 영남대학교\대학교\2021-2\객체지향프로그래밍과자료구조\6\21812158_김주환_Lab6\21812158_김주환_Lab6\Hexahedron.cpp(37,42): warning C4101: 'start_py' :참조되지 않은 지역 변수입니다.
  Polygon.cpp
D:\OneDrive - 영남대학교\대학교\2021-2\객체지향프로그래밍과자료구조\6\21812158_김주환_Lab6\21812158_김주환_Lab6\Polygon.cpp(42,20): warning C4244: '=': 'double'에서 'int'(으)로 변환하면서 데이터가 손실될 수 있습니다.
D:\OneDrive - 영남대학교\대학교\2021-2\객체지향프로그래밍과자료구조\6\21812158_김주환_Lab6\21812158_김주환_Lab6\Polygon.cpp(43,20): warning C4244: '=': 'double'에서 'int'(으)로 변환하면서 데이터가 손실될 수 있습니다.
  Prism.cpp
D:\OneDrive - 영남대학교\대학교\2021-2\객체지향프로그래밍과자료구조\6\21812158_김주환_Lab6\21812158_김주환_Lab6\Prism.cpp(48,18): warning C4244: '=': 'double'에서 'LONG'(으)로 변환하면서 데이터가 손실될 수 있습니다.
D:\OneDrive - 영남대학교\대학교\2021-2\객체지향프로그래밍과자료구조\6\21812158_김주환_Lab6\21812158_김주환_Lab6\Prism.cpp(49,18): warning C4244: '=': 'double'에서 'LONG'(으)로 변환하면서 데이터가 손실될 수 있습니다.
D:\OneDrive - 영남대학교\대학교\2021-2\객체지향프로그래밍과자료구조\6\21812158_김주환_Lab6\21812158_김주환_Lab6\Prism.cpp(38,59): warning C4101: 'start_ang_rad' :참조되지 않은 지역 변수입니다.
D:\OneDrive - 영남대학교\대학교\2021-2\객체지향프로그래밍과자료구조\6\21812158_김주환_Lab6\21812158_김주환_Lab6\Prism.cpp(38,32): warning C4101: 'start_px' :참조되지 않은 지역 변수입니다.
D:\OneDrive - 영남대학교\대학교\2021-2\객체지향프로그래밍과자료구조\6\21812158_김주환_Lab6\21812158_김주환_Lab6\Prism.cpp(38,42): warning C4101: 'start_py' :참조되지 않은 지역 변수입니다.
  Rectang.cpp
D:\OneDrive - 영남대학교\대학교\2021-2\객체지향프로그래밍과자료구조\6\21812158_김주환_Lab6\21812158_김주환_Lab6\Rectang.cpp(39,24): warning C4244: '=': 'double'에서 'LONG'(으)로 변환하면서 데이터가 손실될 수 있습니다.
D:\OneDrive - 영남대학교\대학교\2021-2\객체지향프로그래밍과자료구조\6\21812158_김주환_Lab6\21812158_김주환_Lab6\Rectang.cpp(41,24): warning C4244: '=': 'double'에서 'LONG'(으)로 변환하면서 데이터가 손실될 수 있습니다.
D:\OneDrive - 영남대학교\대학교\2021-2\객체지향프로그래밍과자료구조\6\21812158_김주환_Lab6\21812158_김주환_Lab6\Rectang.cpp(43,24): warning C4244: '=': 'double'에서 'LONG'(으)로 변환하면서 데이터가 손실될 수 있습니다.
  Shape.cpp
  Star.cpp
D:\OneDrive - 영남대학교\대학교\2021-2\객체지향프로그래밍과자료구조\6\21812158_김주환_Lab6\21812158_김주환_Lab6\Star.cpp(25,37): warning C4244: '인수': 'double'에서 'size_t'(으)로 변환하면서 데이터가 손실될 수 있습니다.
D:\OneDrive - 영남대학교\대학교\2021-2\객체지향프로그래밍과자료구조\6\21812158_김주환_Lab6\21812158_김주환_Lab6\Star.cpp(42,20): warning C4244: '=': 'double'에서 'int'(으)로 변환하면서 데이터가 손실될 수 있습니다.
D:\OneDrive - 영남대학교\대학교\2021-2\객체지향프로그래밍과자료구조\6\21812158_김주환_Lab6\21812158_김주환_Lab6\Star.cpp(43,20): warning C4244: '=': 'double'에서 'int'(으)로 변환하면서 데이터가 손실될 수 있습니다.
  Triangle.cpp
D:\OneDrive - 영남대학교\대학교\2021-2\객체지향프로그래밍과자료구조\6\21812158_김주환_Lab6\21812158_김주환_Lab6\Triangle.cpp(37,24): warning C4244: '=': 'double'에서 'LONG'(으)로 변환하면서 데이터가 손실될 수 있습니다.
D:\OneDrive - 영남대학교\대학교\2021-2\객체지향프로그래밍과자료구조\6\21812158_김주환_Lab6\21812158_김주환_Lab6\Triangle.cpp(39,24): warning C4244: '=': 'double'에서 'LONG'(으)로 변환하면서 데이터가 손실될 수 있습니다.
D:\OneDrive - 영남대학교\대학교\2021-2\객체지향프로그래밍과자료구조\6\21812158_김주환_Lab6\21812158_김주환_Lab6\Triangle.cpp(41,24): warning C4244: '=': 'double'에서 'LONG'(으)로 변환하면서 데이터가 손실될 수 있습니다.
  main.cpp
  코드를 생성하고 있습니다...
  21812158_김주환_Lab6.vcxproj -> D:\OneDrive - 영남대학교\대학교\2021-2\객체지향프로그래밍과자료구조\6\21812158_김주환_Lab6\x64\Debug\21812158_김주환_Lab6.exe
